[debug] [2018-11-29T19:25:32.460Z] ----------------------------------------------------------------------
[debug] [2018-11-29T19:25:32.464Z] Command:       C:\Program Files\nodejs\node.exe C:\Users\Aran_\AppData\Roaming\npm\node_modules\firebase-tools\lib\bin\firebase.js init
[debug] [2018-11-29T19:25:32.464Z] CLI Version:   6.1.1
[debug] [2018-11-29T19:25:32.464Z] Platform:      win32
[debug] [2018-11-29T19:25:32.464Z] Node Version:  v8.12.0
[debug] [2018-11-29T19:25:32.465Z] Time:          Thu Nov 29 2018 15:25:32 GMT-0400 (Hora estándar de Venezuela)
[debug] [2018-11-29T19:25:32.466Z] ----------------------------------------------------------------------
[debug] 
[debug] [2018-11-29T19:25:32.482Z] > command requires scopes: ["email","openid","https://www.googleapis.com/auth/cloudplatformprojects.readonly","https://www.googleapis.com/auth/firebase","https://www.googleapis.com/auth/cloud-platform"]
[debug] [2018-11-29T19:25:32.483Z] > authorizing via signed-in user
[info] 
     ######## #### ########  ######## ########     ###     ######  ########
     ##        ##  ##     ## ##       ##     ##  ##   ##  ##       ##
     ######    ##  ########  ######   ########  #########  ######  ######
     ##        ##  ##    ##  ##       ##     ## ##     ##       ## ##
     ##       #### ##     ## ######## ########  ##     ##  ######  ########

You're about to initialize a Firebase project in this directory:

  C:\Users\Aran_\uMakeIT

[info] 
=== Project Setup
[info] 
[info] First, let's associate this project directory with a Firebase project.
[info] You can create multiple project aliases by running firebase use --add, 
[info] but for now we'll just set up a default project.
[info] 
[debug] [2018-11-29T19:29:44.193Z] > refreshing access token with scopes: ["email","https://www.googleapis.com/auth/cloud-platform","https://www.googleapis.com/auth/cloudplatformprojects.readonly","https://www.googleapis.com/auth/firebase","openid"]
[debug] [2018-11-29T19:29:44.193Z] >>> HTTP REQUEST POST https://www.googleapis.com/oauth2/v3/token  
 <request body omitted>
[debug] [2018-11-29T19:29:44.804Z] <<< HTTP RESPONSE 200
[debug] [2018-11-29T19:29:44.889Z] >>> HTTP REQUEST GET https://firebase.googleapis.com/v1beta1/projects?page_size=100  
 
[debug] [2018-11-29T19:29:45.546Z] <<< HTTP RESPONSE 200
[info] i  Using project umakeit-aa (uMakeIT)
[info] 
=== Hosting Setup
[info] 
[info] Your public directory is the folder (relative to your project directory) that
[info] will contain Hosting assets to be uploaded with firebase deploy. If you
[info] have a build process for your assets, use your build's output directory.
[info] 
